0 info it worked if it ends with ok
1 verbose cli [ '/Users/markharper/.nvm/versions/node/v6.4.0/bin/node',
1 verbose cli   '/Users/markharper/.nvm/versions/node/v6.4.0/bin/npm',
1 verbose cli   'start' ]
2 info using npm@3.10.6
3 info using node@v6.4.0
4 verbose run-script [ 'prestart', 'start', 'poststart' ]
5 info lifecycle simple-webpack-es6@1.0.0~prestart: simple-webpack-es6@1.0.0
6 silly lifecycle simple-webpack-es6@1.0.0~prestart: no script for prestart, continuing
7 info lifecycle simple-webpack-es6@1.0.0~start: simple-webpack-es6@1.0.0
8 verbose lifecycle simple-webpack-es6@1.0.0~start: unsafe-perm in lifecycle true
9 verbose lifecycle simple-webpack-es6@1.0.0~start: PATH: /Users/markharper/.nvm/versions/node/v6.4.0/lib/node_modules/npm/bin/node-gyp-bin:/Users/markharper/Documents/Dev/simple-webpack-2/node_modules/.bin:/Users/markharper/.nvm/versions/node/v6.4.0/bin://anaconda/bin:/Library/Frameworks/Python.framework/Versions/3.5/bin:/Users/markharper/Library/Android/sdk/platform-tools:/Users/markharper/Library/Android/sdk/tools:/usr/local/bin:/usr/bin:/bin:/usr/sbin:/sbin:/path/to/elixir/bin
10 verbose lifecycle simple-webpack-es6@1.0.0~start: CWD: /Users/markharper/Documents/Dev/simple-webpack-2
11 silly lifecycle simple-webpack-es6@1.0.0~start: Args: [ '-c', 'webpack-dev-server --inline --watch --hot' ]
12 silly lifecycle simple-webpack-es6@1.0.0~start: Returned: code: 1  signal: null
13 info lifecycle simple-webpack-es6@1.0.0~start: Failed to exec start script
14 verbose stack Error: simple-webpack-es6@1.0.0 start: `webpack-dev-server --inline --watch --hot`
14 verbose stack Exit status 1
14 verbose stack     at EventEmitter.<anonymous> (/Users/markharper/.nvm/versions/node/v6.4.0/lib/node_modules/npm/lib/utils/lifecycle.js:255:16)
14 verbose stack     at emitTwo (events.js:106:13)
14 verbose stack     at EventEmitter.emit (events.js:191:7)
14 verbose stack     at ChildProcess.<anonymous> (/Users/markharper/.nvm/versions/node/v6.4.0/lib/node_modules/npm/lib/utils/spawn.js:40:14)
14 verbose stack     at emitTwo (events.js:106:13)
14 verbose stack     at ChildProcess.emit (events.js:191:7)
14 verbose stack     at maybeClose (internal/child_process.js:852:16)
14 verbose stack     at Process.ChildProcess._handle.onexit (internal/child_process.js:215:5)
15 verbose pkgid simple-webpack-es6@1.0.0
16 verbose cwd /Users/markharper/Documents/Dev/simple-webpack-2
17 error Darwin 15.6.0
18 error argv "/Users/markharper/.nvm/versions/node/v6.4.0/bin/node" "/Users/markharper/.nvm/versions/node/v6.4.0/bin/npm" "start"
19 error node v6.4.0
20 error npm  v3.10.6
21 error code ELIFECYCLE
22 error simple-webpack-es6@1.0.0 start: `webpack-dev-server --inline --watch --hot`
22 error Exit status 1
23 error Failed at the simple-webpack-es6@1.0.0 start script 'webpack-dev-server --inline --watch --hot'.
23 error Make sure you have the latest version of node.js and npm installed.
23 error If you do, this is most likely a problem with the simple-webpack-es6 package,
23 error not with npm itself.
23 error Tell the author that this fails on your system:
23 error     webpack-dev-server --inline --watch --hot
23 error You can get information on how to open an issue for this project with:
23 error     npm bugs simple-webpack-es6
23 error Or if that isn't available, you can get their info via:
23 error     npm owner ls simple-webpack-es6
23 error There is likely additional logging output above.
24 verbose exit [ 1, true ]
